Arguments: 
  /usr/local/Cellar/node/9.4.0/bin/node /usr/local/Cellar/yarn/1.3.2/libexec/bin/yarn.js install

PATH: 
  /Users/warrenlalata/.rbenv/shims:/Users/warrenlalata/.rbenv/shims:/Users/warrenlalata/.rbenv/shims:/Users/warrenlalata/.rbenv/shims:/usr/local/bin:/usr/bin:/bin:/usr/sbin:/sbin:/Users/warrenlalata/.rbenv/bin

Yarn version: 
  1.3.2

Node version: 
  9.4.0

Platform: 
  darwin x64

npm manifest: 
  {
    "name": "lyrical",
    "version": "1.0.0",
    "description": "Starter point for a graphQL course",
    "main": "index.js",
    "repository": {
      "type": "git",
      "url": "https://github.com/StephenGrider/Lyrical-GraphQL"
    },
    "scripts": {
      "dev": "nodemon index.js --ignore client"
    },
    "author": "",
    "license": "ISC",
    "dependencies": {
      "nodemon": "*",
      "apollo-client": "^0.8.1",
      "axios": "^0.15.3",
      "babel-core": "^6.22.1",
      "babel-loader": "^6.2.10",
      "babel-preset-env": "^1.1.8",
      "babel-preset-react": "^6.22.0",
      "body-parser": "^1.16.0",
      "connect-mongo": "^1.3.2",
      "css-loader": "^0.26.1",
      "express": "^4.14.0",
      "express-graphql": "^0.6.1",
      "express-session": "^1.15.0",
      "graphql": "^0.8.2",
      "html-webpack-plugin": "^2.26.0",
      "lodash": "^4.17.4",
      "mongoose": "^4.7.8",
      "passport": "^0.3.2",
      "passport-local": "^1.0.0",
      "react": "15.4.2",
      "react-apollo": "^0.9.0",
      "react-dom": "15.4.2",
      "react-router": "^3.0.2",
      "style-loader": "^0.13.1",
      "webpack": "^2.2.0",
      "webpack-dev-middleware": "^1.9.0"
    }
  }

yarn manifest: 
  No manifest

Lockfile: 
  No lockfile

Trace: 
  Error: write EADDRNOTAVAIL
      at _errnoException (util.js:1003:13)
      at WriteWrap.afterWrite [as oncomplete] (net.js:863:14)
